Started GET "/" for 127.0.0.1 at 2024-05-28 10:39:50 -0400
Processing by HomeController#index as HTML
  Rendering layout layouts/application.html.erb
  Rendering home/index.html.erb within layouts/application
  Rendered home/index.html.erb within layouts/application (Duration: 0.6ms | Allocations: 496)
  Rendered layout layouts/application.html.erb (Duration: 137.4ms | Allocations: 88323)
Completed 200 OK in 143ms (Views: 139.9ms | ActiveRecord: 0.0ms | Allocations: 93686)


Started GET "/" for 127.0.0.1 at 2024-05-28 11:43:22 -0400
Processing by HomeController#index as HTML
  Rendering layout layouts/application.html.erb
  Rendering home/index.html.erb within layouts/application
  Rendered home/index.html.erb within layouts/application (Duration: 0.4ms | Allocations: 388)
  Rendered layout layouts/application.html.erb (Duration: 3270.6ms | Allocations: 146412)
Completed 500 Internal Server Error in 3275ms (ActiveRecord: 0.0ms | Allocations: 150820)


  
ActionView::Template::Error (couldn't find file 'jquery3' with type 'application/javascript'
Checked in these paths: 
  /Users/maxpiatine/Developer/NIST-XCOM-API/app/assets/config
  /Users/maxpiatine/Developer/NIST-XCOM-API/app/assets/images
  /Users/maxpiatine/Developer/NIST-XCOM-API/app/assets/javascripts
  /Users/maxpiatine/Developer/NIST-XCOM-API/app/assets/stylesheets
  /Users/maxpiatine/.rvm/gems/ruby-3.0.0/gems/stimulus-rails-1.3.3/app/assets/javascripts
  /Users/maxpiatine/.rvm/gems/ruby-3.0.0/gems/turbo-rails-2.0.5/app/assets/javascripts
  /Users/maxpiatine/.rvm/gems/ruby-3.0.0/gems/actiontext-7.0.8.3/app/assets/javascripts
  /Users/maxpiatine/.rvm/gems/ruby-3.0.0/gems/actiontext-7.0.8.3/app/assets/stylesheets
  /Users/maxpiatine/.rvm/gems/ruby-3.0.0/gems/actioncable-7.0.8.3/app/assets/javascripts
  /Users/maxpiatine/.rvm/gems/ruby-3.0.0/gems/activestorage-7.0.8.3/app/assets/javascripts
  /Users/maxpiatine/.rvm/gems/ruby-3.0.0/gems/actionview-7.0.8.3/lib/assets/compiled
  /Users/maxpiatine/.rvm/gems/ruby-3.0.0/gems/popper_js-2.11.8/assets/javascripts
  /Users/maxpiatine/.rvm/gems/ruby-3.0.0/gems/bootstrap-5.3.3/assets/stylesheets
  /Users/maxpiatine/.rvm/gems/ruby-3.0.0/gems/bootstrap-5.3.3/assets/javascripts
  /Users/maxpiatine/Developer/NIST-XCOM-API/app/javascript
  /Users/maxpiatine/Developer/NIST-XCOM-API/vendor/javascript):
     7:     <%= csp_meta_tag %>
     8: 
     9:     <%= stylesheet_link_tag "application", "data-turbo-track": "reload" %>
    10:     <%= javascript_importmap_tags %>
    11:   </head>
    12: 
    13:   <body>
  
app/assets/javascripts/application.js:3
app/views/layouts/application.html.erb:10
Started GET "/" for 127.0.0.1 at 2024-05-28 11:43:48 -0400
Processing by HomeController#index as HTML
  Rendering layout layouts/application.html.erb
  Rendering home/index.html.erb within layouts/application
  Rendered home/index.html.erb within layouts/application (Duration: 0.0ms | Allocations: 7)
  Rendered layout layouts/application.html.erb (Duration: 19.2ms | Allocations: 21529)
Completed 200 OK in 21ms (Views: 19.8ms | ActiveRecord: 0.0ms | Allocations: 21877)


Started GET "/" for 127.0.0.1 at 2024-05-28 11:53:13 -0400
Processing by HomeController#index as HTML
  Rendering layout layouts/application.html.erb
  Rendering home/index.html.erb within layouts/application
  Rendered home/index.html.erb within layouts/application (Duration: 0.6ms | Allocations: 190)
  Rendered layout layouts/application.html.erb (Duration: 8.2ms | Allocations: 5492)
Completed 200 OK in 13ms (Views: 11.9ms | ActiveRecord: 0.0ms | Allocations: 6398)


Started GET "/" for 127.0.0.1 at 2024-05-28 11:55:47 -0400
Processing by HomeController#index as HTML
  Rendering layout layouts/application.html.erb
  Rendering home/index.html.erb within layouts/application
  Rendered home/index.html.erb within layouts/application (Duration: 0.3ms | Allocations: 172)
  Rendered layout layouts/application.html.erb (Duration: 7.0ms | Allocations: 5468)
Completed 200 OK in 9ms (Views: 8.7ms | ActiveRecord: 0.0ms | Allocations: 6375)


